<?xml version="1.0" encoding="UTF-8"?>
<!-- Generated by org.testng.reporters.JUnitXMLReporter -->
<testsuite ignored="0" hostname="DESKTOP-UHOFR4S" failures="0" tests="4" name="chrome" time="58.372" errors="0" timestamp="2023-03-23T17:10:11 IST">
  <testcase classname="Test_package.TestClass" name="test1" time="9.303"/>
  <testcase classname="Test_package.TestClass" name="test2" time="0.006"/>
  <testcase classname="Test_package.TestClass" name="test3" time="0.006"/>
  <testcase classname="Test_package.TestClass" name="test4" time="0.009"/>
</testsuite> <!-- chrome -->
