<?xml version="1.0" encoding="UTF-8"?>
<!-- Generated by org.testng.reporters.JUnitXMLReporter -->
<testsuite ignored="0" hostname="DESKTOP-UHOFR4S" failures="0" tests="4" name="firefox" time="0.898" errors="0" timestamp="2023-03-18T14:00:08 IST">
  <testcase classname="Test_package.TestClass" name="test1" time="0.0">
    <skipped/>
  </testcase> <!-- test1 -->
  <testcase classname="Test_package.TestClass" name="test2" time="0.0">
    <skipped/>
  </testcase> <!-- test2 -->
  <testcase classname="Test_package.TestClass" name="test3" time="0.0">
    <skipped/>
  </testcase> <!-- test3 -->
  <testcase classname="Test_package.TestClass" name="test4" time="0.0">
    <skipped/>
  </testcase> <!-- test4 -->
</testsuite> <!-- firefox -->
