<?xml version="1.0" encoding="UTF-8"?>
<testng-results ignored="0" total="4" passed="4" failed="0" skipped="0">
  <reporter-output>
  </reporter-output>
  <suite started-at="2023-03-23T17:09:13 IST" name="Suite" finished-at="2023-03-23T17:10:11 IST" duration-ms="58372">
    <groups>
    </groups>
    <test started-at="2023-03-23T17:09:13 IST" name="chrome" finished-at="2023-03-23T17:10:11 IST" duration-ms="58372">
      <class name="Test_package.TestClass">
        <test-method is-config="true" signature="beforetest(java.lang.String)[pri:0, instance:Test_package.TestClass@9d5509a]" started-at="2023-03-23T17:09:13 IST" name="beforetest" finished-at="2023-03-23T17:10:02 IST" duration-ms="48822" status="PASS">
          <params>
            <param index="0">
              <value>
                <![CDATA[chrome]]>
              </value>
            </param>
          </params>
          <reporter-output>
          </reporter-output>
        </test-method> <!-- beforetest -->
        <test-method is-config="true" signature="beforeclass()[pri:0, instance:Test_package.TestClass@9d5509a]" started-at="2023-03-23T17:10:02 IST" name="beforeclass" finished-at="2023-03-23T17:10:02 IST" duration-ms="3" status="PASS">
          <reporter-output>
          </reporter-output>
        </test-method> <!-- beforeclass -->
        <test-method is-config="true" signature="beforemethod()[pri:0, instance:Test_package.TestClass@9d5509a]" started-at="2023-03-23T17:10:02 IST" name="beforemethod" finished-at="2023-03-23T17:10:02 IST" duration-ms="3" status="PASS">
          <reporter-output>
          </reporter-output>
        </test-method> <!-- beforemethod -->
        <test-method signature="test1()[pri:0, instance:Test_package.TestClass@9d5509a]" started-at="2023-03-23T17:10:02 IST" name="test1" finished-at="2023-03-23T17:10:11 IST" duration-ms="9303" status="PASS">
          <reporter-output>
          </reporter-output>
        </test-method> <!-- test1 -->
        <test-method is-config="true" signature="aftermethod()[pri:0, instance:Test_package.TestClass@9d5509a]" started-at="2023-03-23T17:10:11 IST" name="aftermethod" finished-at="2023-03-23T17:10:11 IST" duration-ms="4" status="PASS">
          <reporter-output>
          </reporter-output>
        </test-method> <!-- aftermethod -->
        <test-method is-config="true" signature="beforemethod()[pri:0, instance:Test_package.TestClass@9d5509a]" started-at="2023-03-23T17:10:11 IST" name="beforemethod" finished-at="2023-03-23T17:10:11 IST" duration-ms="1" status="PASS">
          <reporter-output>
          </reporter-output>
        </test-method> <!-- beforemethod -->
        <test-method signature="test2()[pri:0, instance:Test_package.TestClass@9d5509a]" started-at="2023-03-23T17:10:11 IST" name="test2" finished-at="2023-03-23T17:10:11 IST" duration-ms="6" status="PASS">
          <reporter-output>
          </reporter-output>
        </test-method> <!-- test2 -->
        <test-method is-config="true" signature="aftermethod()[pri:0, instance:Test_package.TestClass@9d5509a]" started-at="2023-03-23T17:10:11 IST" name="aftermethod" finished-at="2023-03-23T17:10:11 IST" duration-ms="1" status="PASS">
          <reporter-output>
          </reporter-output>
        </test-method> <!-- aftermethod -->
        <test-method is-config="true" signature="beforemethod()[pri:0, instance:Test_package.TestClass@9d5509a]" started-at="2023-03-23T17:10:11 IST" name="beforemethod" finished-at="2023-03-23T17:10:11 IST" duration-ms="2" status="PASS">
          <reporter-output>
          </reporter-output>
        </test-method> <!-- beforemethod -->
        <test-method signature="test3()[pri:0, instance:Test_package.TestClass@9d5509a]" started-at="2023-03-23T17:10:11 IST" name="test3" finished-at="2023-03-23T17:10:11 IST" duration-ms="6" status="PASS">
          <reporter-output>
          </reporter-output>
        </test-method> <!-- test3 -->
        <test-method is-config="true" signature="aftermethod()[pri:0, instance:Test_package.TestClass@9d5509a]" started-at="2023-03-23T17:10:11 IST" name="aftermethod" finished-at="2023-03-23T17:10:11 IST" duration-ms="1" status="PASS">
          <reporter-output>
          </reporter-output>
        </test-method> <!-- aftermethod -->
        <test-method is-config="true" signature="beforemethod()[pri:0, instance:Test_package.TestClass@9d5509a]" started-at="2023-03-23T17:10:11 IST" name="beforemethod" finished-at="2023-03-23T17:10:11 IST" duration-ms="1" status="PASS">
          <reporter-output>
          </reporter-output>
        </test-method> <!-- beforemethod -->
        <test-method signature="test4()[pri:0, instance:Test_package.TestClass@9d5509a]" started-at="2023-03-23T17:10:11 IST" name="test4" finished-at="2023-03-23T17:10:11 IST" duration-ms="9" status="PASS">
          <reporter-output>
          </reporter-output>
        </test-method> <!-- test4 -->
        <test-method is-config="true" signature="aftermethod()[pri:0, instance:Test_package.TestClass@9d5509a]" started-at="2023-03-23T17:10:11 IST" name="aftermethod" finished-at="2023-03-23T17:10:11 IST" duration-ms="1" status="PASS">
          <reporter-output>
          </reporter-output>
        </test-method> <!-- aftermethod -->
        <test-method is-config="true" signature="afterclass()[pri:0, instance:Test_package.TestClass@9d5509a]" started-at="2023-03-23T17:10:11 IST" name="afterclass" finished-at="2023-03-23T17:10:11 IST" duration-ms="3" status="PASS">
          <reporter-output>
          </reporter-output>
        </test-method> <!-- afterclass -->
        <test-method is-config="true" signature="aftertest()[pri:0, instance:Test_package.TestClass@9d5509a]" started-at="2023-03-23T17:10:11 IST" name="aftertest" finished-at="2023-03-23T17:10:11 IST" duration-ms="2" status="PASS">
          <reporter-output>
          </reporter-output>
        </test-method> <!-- aftertest -->
      </class> <!-- Test_package.TestClass -->
    </test> <!-- chrome -->
  </suite> <!-- Suite -->
</testng-results>
